21:03:44.154 [main] INFO  testCases.TC_001_AccountRegistrationTest - Clicked on Myaccount link
21:03:45.418 [main] INFO  testCases.TC_001_AccountRegistrationTest - Clicked on Register Link
21:03:45.419 [main] INFO  testCases.TC_001_AccountRegistrationTest - Entering Customer Details
21:03:49.686 [main] INFO  testCases.TC_001_AccountRegistrationTest - Clicked on continue
21:03:49.749 [main] INFO  testCases.TC_001_AccountRegistrationTest - test passed
21:03:57.444 [main] INFO  testCases.TC_002_LoginTest - **** Starting TC_002_LoginTest  ****
21:03:57.444 [main] DEBUG testCases.TC_002_LoginTest - capturing application debug logs....
21:03:57.605 [main] INFO  testCases.TC_002_LoginTest - clicked on myaccount link on the home page..
21:03:58.616 [main] INFO  testCases.TC_002_LoginTest - clicked on login link under myaccount..
21:03:58.619 [main] INFO  testCases.TC_002_LoginTest - Entering valid email and password..
21:04:00.060 [main] INFO  testCases.TC_002_LoginTest - clicked on login button..
21:04:00.136 [main] INFO  testCases.TC_002_LoginTest - **** Finished TC_002_LoginTest  ****
21:05:35.786 [main] INFO  testCases.TC_001_AccountRegistrationTest - ***** starting TC_001_AccountRegistrationTest ********
21:05:35.796 [main] DEBUG testCases.TC_001_AccountRegistrationTest - application logs started..........
21:05:36.017 [main] INFO  testCases.TC_001_AccountRegistrationTest - Clicked on Myaccount link
21:05:37.375 [main] INFO  testCases.TC_001_AccountRegistrationTest - Clicked on Register Link
21:05:37.376 [main] INFO  testCases.TC_001_AccountRegistrationTest - Entering Customer Details
21:05:42.062 [main] INFO  testCases.TC_001_AccountRegistrationTest - Clicked on continue
21:05:42.127 [main] INFO  testCases.TC_001_AccountRegistrationTest - test passed
21:05:49.205 [main] INFO  testCases.TC_002_LoginTest - **** Starting TC_002_LoginTest  ****
21:05:49.205 [main] DEBUG testCases.TC_002_LoginTest - capturing application debug logs....
21:05:49.378 [main] INFO  testCases.TC_002_LoginTest - clicked on myaccount link on the home page..
21:05:50.787 [main] INFO  testCases.TC_002_LoginTest - clicked on login link under myaccount..
21:05:50.789 [main] INFO  testCases.TC_002_LoginTest - Entering valid email and password..
21:05:52.639 [main] INFO  testCases.TC_002_LoginTest - clicked on login button..
21:05:52.708 [main] INFO  testCases.TC_002_LoginTest - **** Finished TC_002_LoginTest  ****
21:23:10.691 [main] INFO  testCases.TC_001_AccountRegistrationTest - ***** starting TC_001_AccountRegistrationTest ********
21:23:10.702 [main] DEBUG testCases.TC_001_AccountRegistrationTest - application logs started..........
21:23:10.902 [main] INFO  testCases.TC_001_AccountRegistrationTest - Clicked on Myaccount link
21:23:12.083 [main] INFO  testCases.TC_001_AccountRegistrationTest - Clicked on Register Link
21:23:12.083 [main] INFO  testCases.TC_001_AccountRegistrationTest - Entering Customer Details
21:23:16.418 [main] INFO  testCases.TC_001_AccountRegistrationTest - Clicked on continue
21:23:16.487 [main] INFO  testCases.TC_001_AccountRegistrationTest - test passed
21:23:30.846 [main] INFO  testCases.TC_002_LoginTest - **** Starting TC_002_LoginTest  ****
21:23:30.846 [main] DEBUG testCases.TC_002_LoginTest - capturing application debug logs....
21:23:31.026 [main] INFO  testCases.TC_002_LoginTest - clicked on myaccount link on the home page..
21:23:32.124 [main] INFO  testCases.TC_002_LoginTest - clicked on login link under myaccount..
21:23:32.128 [main] INFO  testCases.TC_002_LoginTest - Entering valid email and password..
21:23:33.457 [main] INFO  testCases.TC_002_LoginTest - clicked on login button..
21:23:33.517 [main] INFO  testCases.TC_002_LoginTest - **** Finished TC_002_LoginTest  ****
21:34:49.206 [main] INFO  testCases.TC_001_AccountRegistrationTest - ***** starting TC_001_AccountRegistrationTest ********
21:34:49.211 [main] DEBUG testCases.TC_001_AccountRegistrationTest - application logs started..........
21:34:49.424 [main] INFO  testCases.TC_001_AccountRegistrationTest - Clicked on Myaccount link
21:34:50.724 [main] INFO  testCases.TC_001_AccountRegistrationTest - Clicked on Register Link
21:34:50.725 [main] INFO  testCases.TC_001_AccountRegistrationTest - Entering Customer Details
21:34:55.294 [main] INFO  testCases.TC_001_AccountRegistrationTest - Clicked on continue
21:34:55.350 [main] INFO  testCases.TC_001_AccountRegistrationTest - test passed
21:35:02.734 [main] INFO  testCases.TC_002_LoginTest - **** Starting TC_002_LoginTest  ****
21:35:02.734 [main] DEBUG testCases.TC_002_LoginTest - capturing application debug logs....
21:35:02.963 [main] INFO  testCases.TC_002_LoginTest - clicked on myaccount link on the home page..
21:35:03.846 [main] INFO  testCases.TC_002_LoginTest - clicked on login link under myaccount..
21:35:03.849 [main] INFO  testCases.TC_002_LoginTest - Entering valid email and password..
21:35:05.351 [main] INFO  testCases.TC_002_LoginTest - clicked on login button..
